2023-08-17T17:39:29.429Z  INFO 2169 --- [main] p.c.d.m.gateway.GatewayApplicationTests  : Starting GatewayApplicationTests using Java 17.0.8 with PID 2169 (started by runner in /home/runner/work/microservices/microservices/gateway)
2023-08-17T17:39:29.432Z  INFO 2169 --- [main] p.c.d.m.gateway.GatewayApplicationTests  : No active profile set, falling back to 1 default profile: "default"
2023-08-17T17:39:29.530Z  INFO 2169 --- [main] o.s.c.c.c.ConfigServerConfigDataLoader   : Fetching config from server at : http://localhost:8888/
2023-08-17T17:39:29.531Z  INFO 2169 --- [main] o.s.c.c.c.ConfigServerConfigDataLoader   : Exception on Url - http://localhost:8888/:org.springframework.web.client.ResourceAccessException: I/O error on GET request for "http://localhost:8888/gateway/default": Connection refused. Will be trying the next url if available
2023-08-17T17:39:29.531Z  WARN 2169 --- [main] o.s.c.c.c.ConfigServerConfigDataLoader   : Could not locate PropertySource ([ConfigServerConfigDataResource@3c910acd uris = array<String>['http://localhost:8888/'], optional = true, profiles = list['default']]): I/O error on GET request for "http://localhost:8888/gateway/default": Connection refused
2023-08-17T17:39:29.531Z  INFO 2169 --- [main] o.s.c.c.c.ConfigServerConfigDataLoader   : Fetching config from server at : http://localhost:8888/
2023-08-17T17:39:29.532Z  INFO 2169 --- [main] o.s.c.c.c.ConfigServerConfigDataLoader   : Exception on Url - http://localhost:8888/:org.springframework.web.client.ResourceAccessException: I/O error on GET request for "http://localhost:8888/gateway/default": Connection refused. Will be trying the next url if available
2023-08-17T17:39:29.532Z  WARN 2169 --- [main] o.s.c.c.c.ConfigServerConfigDataLoader   : Could not locate PropertySource ([ConfigServerConfigDataResource@77d959f1 uris = array<String>['http://localhost:8888/'], optional = true, profiles = list['default']]): I/O error on GET request for "http://localhost:8888/gateway/default": Connection refused
2023-08-17T17:39:29.532Z  INFO 2169 --- [main] o.s.c.c.c.ConfigServerConfigDataLoader   : Fetching config from server at : http://localhost:8888/
2023-08-17T17:39:29.532Z  INFO 2169 --- [main] o.s.c.c.c.ConfigServerConfigDataLoader   : Exception on Url - http://localhost:8888/:org.springframework.web.client.ResourceAccessException: I/O error on GET request for "http://localhost:8888/gateway/default": Connection refused. Will be trying the next url if available
2023-08-17T17:39:29.533Z  WARN 2169 --- [main] o.s.c.c.c.ConfigServerConfigDataLoader   : Could not locate PropertySource ([ConfigServerConfigDataResource@54f69311 uris = array<String>['http://localhost:8888/'], optional = true, profiles = list['default']]): I/O error on GET request for "http://localhost:8888/gateway/default": Connection refused
2023-08-17T17:39:32.206Z  INFO 2169 --- [main] o.s.cloud.context.scope.GenericScope     : BeanFactory id=718df79a-9489-3a46-899b-1aefd7937e29
2023-08-17T17:39:32.338Z  INFO 2169 --- [main] trationDelegate$BeanPostProcessorChecker : Bean 'py.com.daas.microservice.gateway.clients.AuthServiceClient' of type [org.springframework.cloud.openfeign.FeignClientFactoryBean] is not eligible for getting processed by all BeanPostProcessors (for example: not eligible for auto-proxying)
2023-08-17T17:39:32.433Z  INFO 2169 --- [main] trationDelegate$BeanPostProcessorChecker : Bean 'org.springframework.cloud.client.loadbalancer.reactive.LoadBalancerBeanPostProcessorAutoConfiguration' of type [org.springframework.cloud.client.loadbalancer.reactive.LoadBalancerBeanPostProcessorAutoConfiguration] is not eligible for getting processed by all BeanPostProcessors (for example: not eligible for auto-proxying)
2023-08-17T17:39:32.435Z  INFO 2169 --- [main] trationDelegate$BeanPostProcessorChecker : Bean 'org.springframework.cloud.client.loadbalancer.reactive.LoadBalancerBeanPostProcessorAutoConfiguration$ReactorDeferringLoadBalancerFilterConfig' of type [org.springframework.cloud.client.loadbalancer.reactive.LoadBalancerBeanPostProcessorAutoConfiguration$ReactorDeferringLoadBalancerFilterConfig] is not eligible for getting processed by all BeanPostProcessors (for example: not eligible for auto-proxying)
2023-08-17T17:39:32.437Z  INFO 2169 --- [main] trationDelegate$BeanPostProcessorChecker : Bean 'reactorDeferringLoadBalancerExchangeFilterFunction' of type [org.springframework.cloud.client.loadbalancer.reactive.DeferringLoadBalancerExchangeFilterFunction] is not eligible for getting processed by all BeanPostProcessors (for example: not eligible for auto-proxying)
2023-08-17T17:39:33.838Z  INFO 2169 --- [main] o.s.c.g.r.RouteDefinitionRouteLocator    : Loaded RoutePredicateFactory [After]
2023-08-17T17:39:33.839Z  INFO 2169 --- [main] o.s.c.g.r.RouteDefinitionRouteLocator    : Loaded RoutePredicateFactory [Before]
2023-08-17T17:39:33.839Z  INFO 2169 --- [main] o.s.c.g.r.RouteDefinitionRouteLocator    : Loaded RoutePredicateFactory [Between]
2023-08-17T17:39:33.839Z  INFO 2169 --- [main] o.s.c.g.r.RouteDefinitionRouteLocator    : Loaded RoutePredicateFactory [Cookie]
2023-08-17T17:39:33.840Z  INFO 2169 --- [main] o.s.c.g.r.RouteDefinitionRouteLocator    : Loaded RoutePredicateFactory [Header]
2023-08-17T17:39:33.840Z  INFO 2169 --- [main] o.s.c.g.r.RouteDefinitionRouteLocator    : Loaded RoutePredicateFactory [Host]
2023-08-17T17:39:33.840Z  INFO 2169 --- [main] o.s.c.g.r.RouteDefinitionRouteLocator    : Loaded RoutePredicateFactory [Method]
2023-08-17T17:39:33.840Z  INFO 2169 --- [main] o.s.c.g.r.RouteDefinitionRouteLocator    : Loaded RoutePredicateFactory [Path]
2023-08-17T17:39:33.841Z  INFO 2169 --- [main] o.s.c.g.r.RouteDefinitionRouteLocator    : Loaded RoutePredicateFactory [Query]
2023-08-17T17:39:33.841Z  INFO 2169 --- [main] o.s.c.g.r.RouteDefinitionRouteLocator    : Loaded RoutePredicateFactory [ReadBody]
2023-08-17T17:39:33.841Z  INFO 2169 --- [main] o.s.c.g.r.RouteDefinitionRouteLocator    : Loaded RoutePredicateFactory [RemoteAddr]
2023-08-17T17:39:33.841Z  INFO 2169 --- [main] o.s.c.g.r.RouteDefinitionRouteLocator    : Loaded RoutePredicateFactory [XForwardedRemoteAddr]
2023-08-17T17:39:33.841Z  INFO 2169 --- [main] o.s.c.g.r.RouteDefinitionRouteLocator    : Loaded RoutePredicateFactory [Weight]
2023-08-17T17:39:33.842Z  INFO 2169 --- [main] o.s.c.g.r.RouteDefinitionRouteLocator    : Loaded RoutePredicateFactory [CloudFoundryRouteService]
2023-08-17T17:39:34.624Z  INFO 2169 --- [main] o.s.b.a.e.web.EndpointLinksResolver      : Exposing 16 endpoint(s) beneath base path '/actuator'
2023-08-17T17:39:34.962Z  INFO 2169 --- [main] DiscoveryClientOptionalArgsConfiguration : Eureka HTTP Client uses RestTemplate.
2023-08-17T17:39:35.026Z  WARN 2169 --- [main] iguration$LoadBalancerCaffeineWarnLogger : Spring Cloud LoadBalancer is currently working with the default cache. While this cache implementation is useful for development and tests, it's recommended to use Caffeine cache in production.You can switch to using Caffeine cache, by adding it and org.springframework.cache.caffeine.CaffeineCacheManager to the classpath.
2023-08-17T17:39:35.184Z  INFO 2169 --- [main] p.c.d.m.gateway.GatewayApplicationTests  : Started GatewayApplicationTests in 8.089 seconds (process running for 10.69)
